[Sunday, 03 May, 2026 06:54:04 PM PST] STARTING YOLOv8 SYSTEM (USING .venv)
INFO:     Started server process [14022]
INFO:     Waiting for application startup.
INFO:main:Camera thread starting...
INFO:main:Camera thread started
INFO:     Application startup complete.
[ WARN:0@3.529] global cap_v4l.cpp:914 open VIDEOIO(V4L2:/dev/video0): can't open camera by index
[video4linux2,v4l2 @ 0x7ffdfc0018b0] Not a video capture device.
[video4linux2,v4l2 @ 0x7ffdfc0018b0] Not a video capture device.
[video4linux2,v4l2 @ 0x7ffdfc0018b0] Not a video capture device.
[video4linux2,v4l2 @ 0x7ffdfc0018b0] Not a video capture device.
[video4linux2,v4l2 @ 0x7ffdfc0018b0] Not a video capture device.
[video4linux2,v4l2 @ 0x7ffdfc0018b0] Not a video capture device.
[video4linux2,v4l2 @ 0x7ffdfc0018b0] Not a video capture device.
[video4linux2,v4l2 @ 0x7ffdfc0018b0] Not a video capture device.
[video4linux2,v4l2 @ 0x7ffdfc0018b0] Not a video capture device.
[video4linux2,v4l2 @ 0x7ffdfc0018b0] Not a video capture device.
INFO:     Uvicorn running on http://0.0.0.0:8000 (Press CTRL+C to quit)
[video4linux2,v4l2 @ 0x7ffdfc0018b0] Not a video capture device.
[video4linux2,v4l2 @ 0x7ffdfc0018b0] Not a video capture device.
[video4linux2,v4l2 @ 0x7ffdfc0018b0] Not a video capture device.
[video4linux2,v4l2 @ 0x7ffdfc0018b0] Not a video capture device.
[video4linux2,v4l2 @ 0x7ffdfc0018b0] Not a video capture device.
[video4linux2,v4l2 @ 0x7ffdfc0018b0] Not a video capture device.
[video4linux2,v4l2 @ 0x7ffdfc0018b0] Not a video capture device.
[ WARN:0@3.530] global cap.cpp:438 open VIDEOIO(FFMPEG): raised OpenCV exception:

OpenCV(4.13.0) /io/opencv/modules/videoio/src/cap_ffmpeg_impl.hpp:1220: error: (-2:Unspecified error) in function 'bool CvCapture_FFMPEG::open(const char*, int, const cv::Ptr<cv::IStreamReader>&, const cv::VideoCaptureParameters&)'
> VIDEOIO/FFMPEG: Camera index out of range (expected: 'index < device_list->nb_devices'), where
>     'index' is 0
> must be less than
>     'device_list->nb_devices' is 0


[ERROR:0@3.530] global obsensor_uvc_stream_channel.cpp:163 getStreamChannelGroup Camera index out of range
ERROR:main:Failed to open camera
INFO:     192.168.1.9:52665 - "GET /detection HTTP/1.1" 200 OK
INFO:     192.168.1.9:56531 - "WebSocket /ws" [accepted]
INFO:main:WebSocket connection established
INFO:     connection open
INFO:     192.168.1.9:52665 - "GET /logs?limit=10 HTTP/1.1" 200 OK
INFO:     Shutting down
INFO:     connection closed
INFO:     Waiting for background tasks to complete. (CTRL+C to force quit)
INFO:main:WebSocket disconnected
INFO:     Waiting for application shutdown.
INFO:     Application shutdown complete.
INFO:     Finished server process [14022]
[Sunday, 03 May, 2026 06:56:46 PM PST] STARTING YOLOv8 SYSTEM (USING .venv)
[Sunday, 03 May, 2026 06:56:46 PM PST] STARTING YOLOv8 SYSTEM (USING .venv)
INFO:     Started server process [993]
INFO:     Waiting for application startup.
INFO:     Started server process [994]
INFO:     Waiting for application startup.
INFO:main:Camera thread starting...
INFO:main:Camera thread starting...
INFO:main:Camera thread started
INFO:main:Camera thread started
INFO:     Application startup complete.
INFO:     Application startup complete.
INFO:     Uvicorn running on http://0.0.0.0:8000 (Press CTRL+C to quit)
INFO:     Uvicorn running on http://0.0.0.0:8000 (Press CTRL+C to quit)
[ WARN:0@14.912] global cap_v4l.cpp:914 open VIDEOIO(V4L2:/dev/video0): can't open camera by index
[ WARN:0@14.912] global cap_v4l.cpp:914 open VIDEOIO(V4L2:/dev/video0): can't open camera by index
[video4linux2,v4l2 @ 0x7ffdf40018b0] [video4linux2,v4l2 @ 0x7ffec80018b0] Not a video capture device.
Not a video capture device.
[video4linux2,v4l2 @ 0x7ffdf40018b0] [video4linux2,v4l2 @ 0x7ffec80018b0] Not a video capture device.
Not a video capture device.
[video4linux2,v4l2 @ 0x7ffdf40018b0] [video4linux2,v4l2 @ 0x7ffec80018b0] Not a video capture device.
Not a video capture device.
[video4linux2,v4l2 @ 0x7ffdf40018b0] [video4linux2,v4l2 @ 0x7ffec80018b0] Not a video capture device.
Not a video capture device.
[video4linux2,v4l2 @ 0x7ffdf40018b0] Not a video capture device.
[video4linux2,v4l2 @ 0x7ffec80018b0] Not a video capture device.
[video4linux2,v4l2 @ 0x7ffdf40018b0] Not a video capture device.
[video4linux2,v4l2 @ 0x7ffec80018b0] Not a video capture device.
[video4linux2,v4l2 @ 0x7ffdf40018b0] Not a video capture device.
[video4linux2,v4l2 @ 0x7ffec80018b0] Not a video capture device.
[video4linux2,v4l2 @ 0x7ffdf40018b0] Not a video capture device.
[video4linux2,v4l2 @ 0x7ffec80018b0] Not a video capture device.
[video4linux2,v4l2 @ 0x7ffdf40018b0] Not a video capture device.
[video4linux2,v4l2 @ 0x7ffec80018b0] Not a video capture device.
[video4linux2,v4l2 @ 0x7ffdf40018b0] Not a video capture device.
[video4linux2,v4l2 @ 0x7ffec80018b0] Not a video capture device.
[video4linux2,v4l2 @ 0x7ffdf40018b0] Not a video capture device.
[video4linux2,v4l2 @ 0x7ffec80018b0] Not a video capture device.
[video4linux2,v4l2 @ 0x7ffdf40018b0] [video4linux2,v4l2 @ 0x7ffec80018b0] Not a video capture device.
Not a video capture device.
[video4linux2,v4l2 @ 0x7ffdf40018b0] [video4linux2,v4l2 @ 0x7ffec80018b0] Not a video capture device.
Not a video capture device.
[video4linux2,v4l2 @ 0x7ffdf40018b0] [video4linux2,v4l2 @ 0x7ffec80018b0] Not a video capture device.
Not a video capture device.
[video4linux2,v4l2 @ 0x7ffdf40018b0] [video4linux2,v4l2 @ 0x7ffec80018b0] Not a video capture device.
Not a video capture device.
[video4linux2,v4l2 @ 0x7ffec80018b0] [video4linux2,v4l2 @ 0x7ffdf40018b0] Not a video capture device.
Not a video capture device.
[video4linux2,v4l2 @ 0x7ffec80018b0] [video4linux2,v4l2 @ 0x7ffdf40018b0] Not a video capture device.
Not a video capture device.
[ WARN:0@14.948] global cap.cpp:438 open VIDEOIO(FFMPEG): raised OpenCV exception:

OpenCV(4.13.0) /io/opencv/modules/videoio/src/cap_ffmpeg_impl.hpp:1220: error: (-2:Unspecified error) in function 'bool CvCapture_FFMPEG::open(const char*, int, const cv::Ptr<cv::IStreamReader>&, const cv::VideoCaptureParameters&)'
> VIDEOIO/FFMPEG: Camera index out of range (expected: 'index < device_list->nb_devices'), where
>     'index' is 0
> must be less than
>     'device_list->nb_devices' is 0


[ WARN:0@14.948] global cap.cpp:438 open VIDEOIO(FFMPEG): raised OpenCV exception:

OpenCV(4.13.0) /io/opencv/modules/videoio/src/cap_ffmpeg_impl.hpp:1220: error: (-2:Unspecified error) in function 'bool CvCapture_FFMPEG::open(const char*, int, const cv::Ptr<cv::IStreamReader>&, const cv::VideoCaptureParameters&)'
> VIDEOIO/FFMPEG: Camera index out of range (expected: 'index < device_list->nb_devices'), where
>     'index' is 0
> must be less than
>     'device_list->nb_devices' is 0


[ERROR:0@14.949] global obsensor_uvc_stream_channel.cpp:163 getStreamChannelGroup Camera index out of range
[ERROR:0@14.949] global obsensor_uvc_stream_channel.cpp:163 getStreamChannelGroup Camera index out of range
ERROR:main:Failed to open camera
ERROR:main:Failed to open camera
INFO:     192.168.1.9:60731 - "GET /detection HTTP/1.1" 200 OK
INFO:     192.168.1.9:60169 - "WebSocket /ws" [accepted]
INFO:main:WebSocket connection established
INFO:     connection open
INFO:     192.168.1.9:60731 - "GET /logs?limit=10 HTTP/1.1" 200 OK
INFO:     connection closed
INFO:main:WebSocket disconnected
